<?xml version="1.0" encoding="UTF-8"?>
<!-- Generated by org.testng.reporters.JUnitReportReporter -->
<testsuite hostname="TL351" failures="0" tests="1" name="Automation.ECommerceAPITesting.AppTest" time="2.125" errors="0" timestamp="2024-04-19T12:20:12 IST" skipped="0">
  <testcase classname="Automation.ECommerceAPITesting.AppTest" name="getAuthorizedTokenTest" time="2.125"/>
  <system-out/>
</testsuite> <!-- Automation.ECommerceAPITesting.AppTest -->
