<?xml version="1.0" encoding="UTF-8"?>
<!-- Generated by org.testng.reporters.JUnitReportReporter -->
<testsuite hostname="TL351" failures="0" tests="2" name="Automation.ECommerceAPITesting.ECommerceAppAPITest" time="2.763" errors="0" timestamp="2024-04-19T16:01:05 IST" skipped="0">
  <testcase classname="Automation.ECommerceAPITesting.ECommerceAppAPITest" name="getAuthorizedTokenTest" time="2.154"/>
  <system-out/>
  <testcase classname="Automation.ECommerceAPITesting.ECommerceAppAPITest" name="deleteCreatedProduct" time="0.609"/>
  <system-out/>
</testsuite> <!-- Automation.ECommerceAPITesting.ECommerceAppAPITest -->
